0 verbose cli /usr/local/bin/node /usr/local/bin/npm
1 info using npm@10.8.2
2 info using node@v20.19.4
3 silly config load:file:/usr/local/lib/node_modules/npm/npmrc
4 silly config load:file:/data/.npmrc
5 silly config load:file:/usr/src/node-red/.npmrc
6 silly config load:file:/usr/local/etc/npmrc
7 verbose title npm install node-red-contrib-telegrambot@16.3.2
8 verbose argv "install" "--no-audit" "--no-update-notifier" "--no-fund" "--save" "--save-prefix" "~" "--omit" "dev" "--engine-strict" "node-red-contrib-telegrambot@16.3.2"
9 verbose logfile logs-max:10 dir:/data/.npm/_logs/2025-09-06T18_53_31_238Z-
10 verbose logfile /data/.npm/_logs/2025-09-06T18_53_31_238Z-debug-0.log
11 silly packumentCache heap:2197815296 maxSize:549453824 maxEntrySize:274726912
12 silly logfile done cleaning log files
13 silly idealTree buildDeps
14 silly fetch manifest node-red-contrib-telegrambot@16.3.2
15 silly packumentCache full:https://registry.npmjs.org/node-red-contrib-telegrambot cache-miss
16 http fetch GET 200 https://registry.npmjs.org/node-red-contrib-telegrambot 665ms (cache miss)
17 silly packumentCache full:https://registry.npmjs.org/node-red-contrib-telegrambot set size:undefined disposed:false
18 silly placeDep ROOT node-red-contrib-telegrambot@16.3.2 REPLACE for: node-red-project@0.0.1 want: 16.3.2
19 silly reify moves {}
20 silly tarball no local data for node-red-contrib-telegrambot@https://registry.npmjs.org/node-red-contrib-telegrambot/-/node-red-contrib-telegrambot-16.3.2.tgz. Extracting by manifest.
21 silly tarball no local data for wrappy@https://registry.npmjs.org/wrappy/-/wrappy-1.0.2.tgz. Extracting by manifest.
22 silly tarball no local data for which-collection@https://registry.npmjs.org/which-collection/-/which-collection-1.0.2.tgz. Extracting by manifest.
23 silly tarball no local data for which-typed-array@https://registry.npmjs.org/which-typed-array/-/which-typed-array-1.1.19.tgz. Extracting by manifest.
24 silly tarball no local data for which-builtin-type@https://registry.npmjs.org/which-builtin-type/-/which-builtin-type-1.2.1.tgz. Extracting by manifest.
25 silly tarball no local data for which-boxed-primitive@https://registry.npmjs.org/which-boxed-primitive/-/which-boxed-primitive-1.1.1.tgz. Extracting by manifest.
26 silly tarball no local data for verror@https://registry.npmjs.org/verror/-/verror-1.10.0.tgz. Extracting by manifest.
27 silly tarball no local data for uuid@https://registry.npmjs.org/uuid/-/uuid-8.3.2.tgz. Extracting by manifest.
28 silly tarball no local data for util-deprecate@https://registry.npmjs.org/util-deprecate/-/util-deprecate-1.0.2.tgz. Extracting by manifest.
29 silly tarball no local data for url-parse@https://registry.npmjs.org/url-parse/-/url-parse-1.5.10.tgz. Extracting by manifest.
30 silly tarball no local data for uri-js@https://registry.npmjs.org/uri-js/-/uri-js-4.4.1.tgz. Extracting by manifest.
31 silly tarball no local data for universalify@https://registry.npmjs.org/universalify/-/universalify-0.2.0.tgz. Extracting by manifest.
32 silly tarball no local data for unbox-primitive@https://registry.npmjs.org/unbox-primitive/-/unbox-primitive-1.1.0.tgz. Extracting by manifest.
33 silly tarball no local data for typed-array-length@https://registry.npmjs.org/typed-array-length/-/typed-array-length-1.0.7.tgz. Extracting by manifest.
34 silly tarball no local data for typed-array-byte-offset@https://registry.npmjs.org/typed-array-byte-offset/-/typed-array-byte-offset-1.0.4.tgz. Extracting by manifest.
35 silly tarball no local data for typed-array-byte-length@https://registry.npmjs.org/typed-array-byte-length/-/typed-array-byte-length-1.0.3.tgz. Extracting by manifest.
36 silly tarball no local data for typed-array-buffer@https://registry.npmjs.org/typed-array-buffer/-/typed-array-buffer-1.0.3.tgz. Extracting by manifest.
37 silly tarball no local data for tweetnacl@https://registry.npmjs.org/tweetnacl/-/tweetnacl-0.14.5.tgz. Extracting by manifest.
38 silly tarball no local data for tunnel-agent@https://registry.npmjs.org/tunnel-agent/-/tunnel-agent-0.6.0.tgz. Extracting by manifest.
39 silly tarball no local data for tough-cookie@https://registry.npmjs.org/tough-cookie/-/tough-cookie-5.1.2.tgz. Extracting by manifest.
40 silly tarball no local data for tldts-core@https://registry.npmjs.org/tldts-core/-/tldts-core-6.1.86.tgz. Extracting by manifest.
41 silly tarball no local data for tldts@https://registry.npmjs.org/tldts/-/tldts-6.1.86.tgz. Extracting by manifest.
42 silly tarball no local data for string.prototype.trimstart@https://registry.npmjs.org/string.prototype.trimstart/-/string.prototype.trimstart-1.0.8.tgz. Extracting by manifest.
43 silly tarball no local data for string.prototype.trimend@https://registry.npmjs.org/string.prototype.trimend/-/string.prototype.trimend-1.0.9.tgz. Extracting by manifest.
44 silly tarball no local data for string.prototype.trim@https://registry.npmjs.org/string.prototype.trim/-/string.prototype.trim-1.2.10.tgz. Extracting by manifest.
45 silly tarball no local data for string_decoder@https://registry.npmjs.org/string_decoder/-/string_decoder-1.1.1.tgz. Extracting by manifest.
46 silly tarball no local data for stop-iteration-iterator@https://registry.npmjs.org/stop-iteration-iterator/-/stop-iteration-iterator-1.1.0.tgz. Extracting by manifest.
47 silly tarball no local data for stealthy-require@https://registry.npmjs.org/stealthy-require/-/stealthy-require-1.1.1.tgz. Extracting by manifest.
48 silly tarball no local data for sprintf-js@https://registry.npmjs.org/sprintf-js/-/sprintf-js-1.1.3.tgz. Extracting by manifest.
49 silly tarball no local data for socks-proxy-agent@https://registry.npmjs.org/socks-proxy-agent/-/socks-proxy-agent-8.0.5.tgz. Extracting by manifest.
50 silly tarball no local data for socks@https://registry.npmjs.org/socks/-/socks-2.8.5.tgz. Extracting by manifest.
51 silly tarball no local data for smart-buffer@https://registry.npmjs.org/smart-buffer/-/smart-buffer-4.2.0.tgz. Extracting by manifest.
52 silly tarball no local data for sshpk@https://registry.npmjs.org/sshpk/-/sshpk-1.18.0.tgz. Extracting by manifest.
53 silly tarball no local data for side-channel-weakmap@https://registry.npmjs.org/side-channel-weakmap/-/side-channel-weakmap-1.0.2.tgz. Extracting by manifest.
54 silly tarball no local data for side-channel-map@https://registry.npmjs.org/side-channel-map/-/side-channel-map-1.0.1.tgz. Extracting by manifest.
55 silly tarball no local data for side-channel-list@https://registry.npmjs.org/side-channel-list/-/side-channel-list-1.0.0.tgz. Extracting by manifest.
56 silly tarball no local data for side-channel@https://registry.npmjs.org/side-channel/-/side-channel-1.1.0.tgz. Extracting by manifest.
57 silly tarball no local data for set-proto@https://registry.npmjs.org/set-proto/-/set-proto-1.0.0.tgz. Extracting by manifest.
58 silly tarball no local data for set-function-name@https://registry.npmjs.org/set-function-name/-/set-function-name-2.0.2.tgz. Extracting by manifest.
59 silly tarball no local data for set-function-length@https://registry.npmjs.org/set-function-length/-/set-function-length-1.2.2.tgz. Extracting by manifest.
60 silly tarball no local data for safer-buffer@https://registry.npmjs.org/safer-buffer/-/safer-buffer-2.1.2.tgz. Extracting by manifest.
61 silly tarball no local data for safe-regex-test@https://registry.npmjs.org/safe-regex-test/-/safe-regex-test-1.1.0.tgz. Extracting by manifest.
62 silly tarball no local data for safe-push-apply@https://registry.npmjs.org/safe-push-apply/-/safe-push-apply-1.0.0.tgz. Extracting by manifest.
63 silly tarball no local data for safe-buffer@https://registry.npmjs.org/safe-buffer/-/safe-buffer-5.2.1.tgz. Extracting by manifest.
64 silly tarball no local data for safe-array-concat@https://registry.npmjs.org/safe-array-concat/-/safe-array-concat-1.1.3.tgz. Extracting by manifest.
65 silly tarball no local data for requires-port@https://registry.npmjs.org/requires-port/-/requires-port-1.0.0.tgz. Extracting by manifest.
66 silly tarball no local data for request-promise-core@https://registry.npmjs.org/request-promise-core/-/request-promise-core-1.1.3.tgz. Extracting by manifest.
67 silly tarball no local data for request@https://registry.npmjs.org/request/-/request-2.88.2.tgz. Extracting by manifest.
68 silly tarball no local data for regexp.prototype.flags@https://registry.npmjs.org/regexp.prototype.flags/-/regexp.prototype.flags-1.5.4.tgz. Extracting by manifest.
69 silly tarball no local data for reflect.getprototypeof@https://registry.npmjs.org/reflect.getprototypeof/-/reflect.getprototypeof-1.0.10.tgz. Extracting by manifest.
70 silly tarball no local data for readable-stream@https://registry.npmjs.org/readable-stream/-/readable-stream-2.3.8.tgz. Extracting by manifest.
71 silly tarball no local data for querystringify@https://registry.npmjs.org/querystringify/-/querystringify-2.2.0.tgz. Extracting by manifest.
72 silly tarball no local data for qs@https://registry.npmjs.org/qs/-/qs-6.14.0.tgz. Extracting by manifest.
73 silly tarball no local data for punycode@https://registry.npmjs.org/punycode/-/punycode-2.3.1.tgz. Extracting by manifest.
74 silly tarball no local data for pump@https://registry.npmjs.org/pump/-/pump-2.0.1.tgz. Extracting by manifest.
75 silly tarball no local data for psl@https://registry.npmjs.org/psl/-/psl-1.15.0.tgz. Extracting by manifest.
76 silly tarball no local data for process-nextick-args@https://registry.npmjs.org/process-nextick-args/-/process-nextick-args-2.0.1.tgz. Extracting by manifest.
77 silly tarball no local data for possible-typed-array-names@https://registry.npmjs.org/possible-typed-array-names/-/possible-typed-array-names-1.1.0.tgz. Extracting by manifest.
78 silly tarball no local data for performance-now@https://registry.npmjs.org/performance-now/-/performance-now-2.1.0.tgz. Extracting by manifest.
79 silly tarball no local data for own-keys@https://registry.npmjs.org/own-keys/-/own-keys-1.0.1.tgz. Extracting by manifest.
80 silly tarball no local data for once@https://registry.npmjs.org/once/-/once-1.4.0.tgz. Extracting by manifest.
81 silly tarball no local data for object.assign@https://registry.npmjs.org/object.assign/-/object.assign-4.1.7.tgz. Extracting by manifest.
82 silly tarball no local data for object-keys@https://registry.npmjs.org/object-keys/-/object-keys-1.1.1.tgz. Extracting by manifest.
83 silly tarball no local data for object-inspect@https://registry.npmjs.org/object-inspect/-/object-inspect-1.13.4.tgz. Extracting by manifest.
84 silly tarball no local data for oauth-sign@https://registry.npmjs.org/oauth-sign/-/oauth-sign-0.9.0.tgz. Extracting by manifest.
85 silly tarball no local data for node-telegram-bot-api@https://registry.npmjs.org/node-telegram-bot-api/-/node-telegram-bot-api-0.66.0.tgz. Extracting by manifest.
86 silly tarball no local data for node-red-contrib-env@https://registry.npmjs.org/node-red-contrib-env/-/node-red-contrib-env-1.0.2.tgz. Extracting by manifest.
87 silly tarball no local data for ms@https://registry.npmjs.org/ms/-/ms-2.1.3.tgz. Extracting by manifest.
88 silly tarball no local data for mime-types@https://registry.npmjs.org/mime-types/-/mime-types-2.1.35.tgz. Extracting by manifest.
89 silly tarball no local data for mime-db@https://registry.npmjs.org/mime-db/-/mime-db-1.52.0.tgz. Extracting by manifest.
90 silly tarball no local data for mime@https://registry.npmjs.org/mime/-/mime-1.6.0.tgz. Extracting by manifest.
91 silly tarball no local data for math-intrinsics@https://registry.npmjs.org/math-intrinsics/-/math-intrinsics-1.1.0.tgz. Extracting by manifest.
92 silly tarball no local data for lodash@https://registry.npmjs.org/lodash/-/lodash-4.17.21.tgz. Extracting by manifest.
93 silly tarball no local data for jsprim@https://registry.npmjs.org/jsprim/-/jsprim-2.0.2.tgz. Extracting by manifest.
94 silly tarball no local data for json-stringify-safe@https://registry.npmjs.org/json-stringify-safe/-/json-stringify-safe-5.0.1.tgz. Extracting by manifest.
95 silly tarball no local data for json-schema-traverse@https://registry.npmjs.org/json-schema-traverse/-/json-schema-traverse-0.4.1.tgz. Extracting by manifest.
96 silly tarball no local data for json-schema@https://registry.npmjs.org/json-schema/-/json-schema-0.4.0.tgz. Extracting by manifest.
97 silly tarball no local data for jsbn@https://registry.npmjs.org/jsbn/-/jsbn-1.1.0.tgz. Extracting by manifest.
98 silly tarball no local data for isstream@https://registry.npmjs.org/isstream/-/isstream-0.1.2.tgz. Extracting by manifest.
99 silly tarball no local data for isarray@https://registry.npmjs.org/isarray/-/isarray-1.0.0.tgz. Extracting by manifest.
100 silly tarball no local data for is-weakset@https://registry.npmjs.org/is-weakset/-/is-weakset-2.0.4.tgz. Extracting by manifest.
101 silly tarball no local data for is-weakref@https://registry.npmjs.org/is-weakref/-/is-weakref-1.1.1.tgz. Extracting by manifest.
102 silly tarball no local data for is-weakmap@https://registry.npmjs.org/is-weakmap/-/is-weakmap-2.0.2.tgz. Extracting by manifest.
103 silly tarball no local data for is-typedarray@https://registry.npmjs.org/is-typedarray/-/is-typedarray-1.0.0.tgz. Extracting by manifest.
104 silly tarball no local data for is-typed-array@https://registry.npmjs.org/is-typed-array/-/is-typed-array-1.1.15.tgz. Extracting by manifest.
105 silly tarball no local data for is-symbol@https://registry.npmjs.org/is-symbol/-/is-symbol-1.1.1.tgz. Extracting by manifest.
106 silly tarball no local data for is-string@https://registry.npmjs.org/is-string/-/is-string-1.1.1.tgz. Extracting by manifest.
107 silly tarball no local data for is-shared-array-buffer@https://registry.npmjs.org/is-shared-array-buffer/-/is-shared-array-buffer-1.0.4.tgz. Extracting by manifest.
108 silly tarball no local data for is-set@https://registry.npmjs.org/is-set/-/is-set-2.0.3.tgz. Extracting by manifest.
109 silly tarball no local data for is-regex@https://registry.npmjs.org/is-regex/-/is-regex-1.2.1.tgz. Extracting by manifest.
110 silly tarball no local data for is-number-object@https://registry.npmjs.org/is-number-object/-/is-number-object-1.1.1.tgz. Extracting by manifest.
111 silly tarball no local data for is-negative-zero@https://registry.npmjs.org/is-negative-zero/-/is-negative-zero-2.0.3.tgz. Extracting by manifest.
112 silly tarball no local data for is-map@https://registry.npmjs.org/is-map/-/is-map-2.0.3.tgz. Extracting by manifest.
113 silly tarball no local data for is-generator-function@https://registry.npmjs.org/is-generator-function/-/is-generator-function-1.1.0.tgz. Extracting by manifest.
114 silly tarball no local data for is-finalizationregistry@https://registry.npmjs.org/is-finalizationregistry/-/is-finalizationregistry-1.1.1.tgz. Extracting by manifest.
115 silly tarball no local data for is-date-object@https://registry.npmjs.org/is-date-object/-/is-date-object-1.1.0.tgz. Extracting by manifest.
116 silly tarball no local data for is-data-view@https://registry.npmjs.org/is-data-view/-/is-data-view-1.0.2.tgz. Extracting by manifest.
117 silly tarball no local data for is-callable@https://registry.npmjs.org/is-callable/-/is-callable-1.2.7.tgz. Extracting by manifest.
118 silly tarball no local data for is-boolean-object@https://registry.npmjs.org/is-boolean-object/-/is-boolean-object-1.2.2.tgz. Extracting by manifest.
119 silly tarball no local data for is-bigint@https://registry.npmjs.org/is-bigint/-/is-bigint-1.1.0.tgz. Extracting by manifest.
120 silly tarball no local data for is-async-function@https://registry.npmjs.org/is-async-function/-/is-async-function-2.1.1.tgz. Extracting by manifest.
121 silly tarball no local data for is-array-buffer@https://registry.npmjs.org/is-array-buffer/-/is-array-buffer-3.0.5.tgz. Extracting by manifest.
122 silly tarball no local data for ip-address@https://registry.npmjs.org/ip-address/-/ip-address-9.0.5.tgz. Extracting by manifest.
123 silly tarball no local data for internal-slot@https://registry.npmjs.org/internal-slot/-/internal-slot-1.1.0.tgz. Extracting by manifest.
124 silly tarball no local data for inherits@https://registry.npmjs.org/inherits/-/inherits-2.0.4.tgz. Extracting by manifest.
125 silly tarball no local data for http-signature@https://registry.npmjs.org/http-signature/-/http-signature-1.4.0.tgz. Extracting by manifest.
126 silly tarball no local data for hasown@https://registry.npmjs.org/hasown/-/hasown-2.0.2.tgz. Extracting by manifest.
127 silly tarball no local data for has-tostringtag@https://registry.npmjs.org/has-tostringtag/-/has-tostringtag-1.0.2.tgz. Extracting by manifest.
128 silly tarball no local data for has-symbols@https://registry.npmjs.org/has-symbols/-/has-symbols-1.1.0.tgz. Extracting by manifest.
129 silly tarball no local data for has-proto@https://registry.npmjs.org/has-proto/-/has-proto-1.2.0.tgz. Extracting by manifest.
130 silly tarball no local data for has-property-descriptors@https://registry.npmjs.org/has-property-descriptors/-/has-property-descriptors-1.0.2.tgz. Extracting by manifest.
131 silly tarball no local data for has-bigints@https://registry.npmjs.org/has-bigints/-/has-bigints-1.1.0.tgz. Extracting by manifest.
132 silly tarball no local data for har-validator@https://registry.npmjs.org/har-validator/-/har-validator-5.1.5.tgz. Extracting by manifest.
133 silly tarball no local data for har-schema@https://registry.npmjs.org/har-schema/-/har-schema-2.0.0.tgz. Extracting by manifest.
134 silly tarball no local data for gopd@https://registry.npmjs.org/gopd/-/gopd-1.2.0.tgz. Extracting by manifest.
135 silly tarball no local data for globalthis@https://registry.npmjs.org/globalthis/-/globalthis-1.0.4.tgz. Extracting by manifest.
136 silly tarball no local data for getpass@https://registry.npmjs.org/getpass/-/getpass-0.1.7.tgz. Extracting by manifest.
137 silly tarball no local data for get-symbol-description@https://registry.npmjs.org/get-symbol-description/-/get-symbol-description-1.1.0.tgz. Extracting by manifest.
138 silly tarball no local data for get-proto@https://registry.npmjs.org/get-proto/-/get-proto-1.0.1.tgz. Extracting by manifest.
139 silly tarball no local data for get-intrinsic@https://registry.npmjs.org/get-intrinsic/-/get-intrinsic-1.3.0.tgz. Extracting by manifest.
140 silly tarball no local data for functions-have-names@https://registry.npmjs.org/functions-have-names/-/functions-have-names-1.2.3.tgz. Extracting by manifest.
141 silly tarball no local data for function-bind@https://registry.npmjs.org/function-bind/-/function-bind-1.1.2.tgz. Extracting by manifest.
142 silly tarball no local data for function.prototype.name@https://registry.npmjs.org/function.prototype.name/-/function.prototype.name-1.1.8.tgz. Extracting by manifest.
143 silly tarball no local data for form-data@https://registry.npmjs.org/form-data/-/form-data-4.0.3.tgz. Extracting by manifest.
144 silly tarball no local data for forever-agent@https://registry.npmjs.org/forever-agent/-/forever-agent-0.6.1.tgz. Extracting by manifest.
145 silly tarball no local data for for-each@https://registry.npmjs.org/for-each/-/for-each-0.3.5.tgz. Extracting by manifest.
146 silly tarball no local data for file-type@https://registry.npmjs.org/file-type/-/file-type-3.9.0.tgz. Extracting by manifest.
147 silly tarball no local data for fast-json-stable-stringify@https://registry.npmjs.org/fast-json-stable-stringify/-/fast-json-stable-stringify-2.1.0.tgz. Extracting by manifest.
148 silly tarball no local data for fast-deep-equal@https://registry.npmjs.org/fast-deep-equal/-/fast-deep-equal-3.1.3.tgz. Extracting by manifest.
149 silly tarball no local data for extsprintf@https://registry.npmjs.org/extsprintf/-/extsprintf-1.3.0.tgz. Extracting by manifest.
150 silly tarball no local data for extend@https://registry.npmjs.org/extend/-/extend-3.0.2.tgz. Extracting by manifest.
151 silly tarball no local data for eventemitter3@https://registry.npmjs.org/eventemitter3/-/eventemitter3-3.1.2.tgz. Extracting by manifest.
152 silly tarball no local data for es-to-primitive@https://registry.npmjs.org/es-to-primitive/-/es-to-primitive-1.3.0.tgz. Extracting by manifest.
153 silly tarball no local data for es-shim-unscopables@https://registry.npmjs.org/es-shim-unscopables/-/es-shim-unscopables-1.1.0.tgz. Extracting by manifest.
154 silly tarball no local data for es-set-tostringtag@https://registry.npmjs.org/es-set-tostringtag/-/es-set-tostringtag-2.1.0.tgz. Extracting by manifest.
155 silly tarball no local data for es-object-atoms@https://registry.npmjs.org/es-object-atoms/-/es-object-atoms-1.1.1.tgz. Extracting by manifest.
156 silly tarball no local data for es-errors@https://registry.npmjs.org/es-errors/-/es-errors-1.3.0.tgz. Extracting by manifest.
157 silly tarball no local data for es-define-property@https://registry.npmjs.org/es-define-property/-/es-define-property-1.0.1.tgz. Extracting by manifest.
158 silly tarball no local data for es-abstract@https://registry.npmjs.org/es-abstract/-/es-abstract-1.24.0.tgz. Extracting by manifest.
159 silly tarball no local data for end-of-stream@https://registry.npmjs.org/end-of-stream/-/end-of-stream-1.4.5.tgz. Extracting by manifest.
160 silly tarball no local data for ecc-jsbn@https://registry.npmjs.org/ecc-jsbn/-/ecc-jsbn-0.1.2.tgz. Extracting by manifest.
161 silly tarball no local data for dunder-proto@https://registry.npmjs.org/dunder-proto/-/dunder-proto-1.0.1.tgz. Extracting by manifest.
162 silly tarball no local data for delayed-stream@https://registry.npmjs.org/delayed-stream/-/delayed-stream-1.0.0.tgz. Extracting by manifest.
163 silly tarball no local data for define-properties@https://registry.npmjs.org/define-properties/-/define-properties-1.2.1.tgz. Extracting by manifest.
164 silly tarball no local data for define-data-property@https://registry.npmjs.org/define-data-property/-/define-data-property-1.1.4.tgz. Extracting by manifest.
165 silly tarball no local data for debug@https://registry.npmjs.org/debug/-/debug-3.2.7.tgz. Extracting by manifest.
166 silly tarball no local data for data-view-byte-offset@https://registry.npmjs.org/data-view-byte-offset/-/data-view-byte-offset-1.0.1.tgz. Extracting by manifest.
167 silly tarball no local data for data-view-byte-length@https://registry.npmjs.org/data-view-byte-length/-/data-view-byte-length-1.0.2.tgz. Extracting by manifest.
168 silly tarball no local data for data-view-buffer@https://registry.npmjs.org/data-view-buffer/-/data-view-buffer-1.0.2.tgz. Extracting by manifest.
169 silly tarball no local data for dashdash@https://registry.npmjs.org/dashdash/-/dashdash-1.14.1.tgz. Extracting by manifest.
170 silly tarball no local data for core-util-is@https://registry.npmjs.org/core-util-is/-/core-util-is-1.0.3.tgz. Extracting by manifest.
171 silly tarball no local data for caseless@https://registry.npmjs.org/caseless/-/caseless-0.12.0.tgz. Extracting by manifest.
172 silly tarball no local data for combined-stream@https://registry.npmjs.org/combined-stream/-/combined-stream-1.0.8.tgz. Extracting by manifest.
173 silly tarball no local data for call-bound@https://registry.npmjs.org/call-bound/-/call-bound-1.0.4.tgz. Extracting by manifest.
174 silly tarball no local data for call-bind-apply-helpers@https://registry.npmjs.org/call-bind-apply-helpers/-/call-bind-apply-helpers-1.0.2.tgz. Extracting by manifest.
175 silly tarball no local data for call-bind@https://registry.npmjs.org/call-bind/-/call-bind-1.0.8.tgz. Extracting by manifest.
176 silly tarball no local data for bl@https://registry.npmjs.org/bl/-/bl-1.2.3.tgz. Extracting by manifest.
177 silly tarball no local data for bluebird@https://registry.npmjs.org/bluebird/-/bluebird-3.7.2.tgz. Extracting by manifest.
178 silly tarball no local data for bcrypt-pbkdf@https://registry.npmjs.org/bcrypt-pbkdf/-/bcrypt-pbkdf-1.0.2.tgz. Extracting by manifest.
179 silly tarball no local data for aws4@https://registry.npmjs.org/aws4/-/aws4-1.13.2.tgz. Extracting by manifest.
180 silly tarball no local data for aws-sign2@https://registry.npmjs.org/aws-sign2/-/aws-sign2-0.7.0.tgz. Extracting by manifest.
181 silly tarball no local data for available-typed-arrays@https://registry.npmjs.org/available-typed-arrays/-/available-typed-arrays-1.0.7.tgz. Extracting by manifest.
182 silly tarball no local data for asynckit@https://registry.npmjs.org/asynckit/-/asynckit-0.4.0.tgz. Extracting by manifest.
183 silly tarball no local data for async-function@https://registry.npmjs.org/async-function/-/async-function-1.0.0.tgz. Extracting by manifest.
184 silly tarball no local data for assert-plus@https://registry.npmjs.org/assert-plus/-/assert-plus-1.0.0.tgz. Extracting by manifest.
185 silly tarball no local data for asn1@https://registry.npmjs.org/asn1/-/asn1-0.2.6.tgz. Extracting by manifest.
186 silly tarball no local data for arraybuffer.prototype.slice@https://registry.npmjs.org/arraybuffer.prototype.slice/-/arraybuffer.prototype.slice-1.0.4.tgz. Extracting by manifest.
187 silly tarball no local data for array.prototype.findindex@https://registry.npmjs.org/array.prototype.findindex/-/array.prototype.findindex-2.2.4.tgz. Extracting by manifest.
188 silly tarball no local data for array-buffer-byte-length@https://registry.npmjs.org/array-buffer-byte-length/-/array-buffer-byte-length-1.0.2.tgz. Extracting by manifest.
189 silly tarball no local data for ajv@https://registry.npmjs.org/ajv/-/ajv-6.12.6.tgz. Extracting by manifest.
190 silly tarball no local data for agent-base@https://registry.npmjs.org/agent-base/-/agent-base-7.1.4.tgz. Extracting by manifest.
191 silly tarball no local data for @cypress/request-promise@https://registry.npmjs.org/@cypress/request-promise/-/request-promise-5.0.0.tgz. Extracting by manifest.
192 silly tarball no local data for @cypress/request@https://registry.npmjs.org/@cypress/request/-/request-3.0.8.tgz. Extracting by manifest.
193 silly tarball no local data for isarray@https://registry.npmjs.org/isarray/-/isarray-2.0.5.tgz. Extracting by manifest.
194 silly tarball no local data for core-util-is@https://registry.npmjs.org/core-util-is/-/core-util-is-1.0.2.tgz. Extracting by manifest.
195 silly tarball no local data for safe-buffer@https://registry.npmjs.org/safe-buffer/-/safe-buffer-5.1.2.tgz. Extracting by manifest.
196 silly tarball no local data for jsbn@https://registry.npmjs.org/jsbn/-/jsbn-0.1.1.tgz. Extracting by manifest.
197 silly tarball no local data for debug@https://registry.npmjs.org/debug/-/debug-4.4.1.tgz. Extracting by manifest.
198 silly tarball no local data for isarray@https://registry.npmjs.org/isarray/-/isarray-2.0.5.tgz. Extracting by manifest.
199 silly tarball no local data for isarray@https://registry.npmjs.org/isarray/-/isarray-2.0.5.tgz. Extracting by manifest.
200 silly tarball no local data for uuid@https://registry.npmjs.org/uuid/-/uuid-3.4.0.tgz. Extracting by manifest.
201 silly tarball no local data for tough-cookie@https://registry.npmjs.org/tough-cookie/-/tough-cookie-2.5.0.tgz. Extracting by manifest.
202 silly tarball no local data for qs@https://registry.npmjs.org/qs/-/qs-6.5.3.tgz. Extracting by manifest.
203 silly tarball no local data for jsprim@https://registry.npmjs.org/jsprim/-/jsprim-1.4.2.tgz. Extracting by manifest.
204 silly tarball no local data for http-signature@https://registry.npmjs.org/http-signature/-/http-signature-1.2.0.tgz. Extracting by manifest.
205 silly tarball no local data for form-data@https://registry.npmjs.org/form-data/-/form-data-2.3.3.tgz. Extracting by manifest.
206 silly tarball no local data for safe-buffer@https://registry.npmjs.org/safe-buffer/-/safe-buffer-5.1.2.tgz. Extracting by manifest.
207 silly tarball no local data for jsbn@https://registry.npmjs.org/jsbn/-/jsbn-0.1.1.tgz. Extracting by manifest.
208 silly tarball no local data for tough-cookie@https://registry.npmjs.org/tough-cookie/-/tough-cookie-4.1.4.tgz. Extracting by manifest.
209 http fetch GET 200 https://registry.npmjs.org/typed-array-byte-length/-/typed-array-byte-length-1.0.3.tgz 5000ms (cache miss)
210 http fetch GET 200 https://registry.npmjs.org/typed-array-buffer/-/typed-array-buffer-1.0.3.tgz 5218ms (cache miss)
211 http fetch GET 200 https://registry.npmjs.org/wrappy/-/wrappy-1.0.2.tgz 5618ms (cache miss)
212 http fetch GET 200 https://registry.npmjs.org/universalify/-/universalify-0.2.0.tgz 5607ms (cache miss)
213 http fetch GET 200 https://registry.npmjs.org/util-deprecate/-/util-deprecate-1.0.2.tgz 5696ms (cache miss)
214 http fetch GET 200 https://registry.npmjs.org/set-proto/-/set-proto-1.0.0.tgz 5739ms (cache miss)
215 http fetch GET 200 https://registry.npmjs.org/safe-regex-test/-/safe-regex-test-1.1.0.tgz 5725ms (cache miss)
216 http fetch GET 200 https://registry.npmjs.org/safe-push-apply/-/safe-push-apply-1.0.0.tgz 5722ms (cache miss)
217 http fetch GET 200 https://registry.npmjs.org/process-nextick-args/-/process-nextick-args-2.0.1.tgz 5675ms (cache miss)
218 http fetch GET 200 https://registry.npmjs.org/string_decoder/-/string_decoder-1.1.1.tgz 5871ms (cache miss)
219 http fetch GET 200 https://registry.npmjs.org/set-function-name/-/set-function-name-2.0.2.tgz 5838ms (cache miss)
220 http fetch GET 200 https://registry.npmjs.org/tunnel-agent/-/tunnel-agent-0.6.0.tgz 6014ms (cache miss)
221 http fetch GET 200 https://registry.npmjs.org/stealthy-require/-/stealthy-require-1.1.1.tgz 6022ms (cache miss)
222 http fetch GET 200 https://registry.npmjs.org/safe-buffer/-/safe-buffer-5.2.1.tgz 5963ms (cache miss)
223 http fetch GET 200 https://registry.npmjs.org/once/-/once-1.4.0.tgz 5885ms (cache miss)
224 http fetch GET 200 https://registry.npmjs.org/isarray/-/isarray-1.0.0.tgz 5820ms (cache miss)
225 http fetch GET 200 https://registry.npmjs.org/side-channel-weakmap/-/side-channel-weakmap-1.0.2.tgz 6104ms (cache miss)
226 http fetch GET 200 https://registry.npmjs.org/requires-port/-/requires-port-1.0.0.tgz 6060ms (cache miss)
227 http fetch GET 200 https://registry.npmjs.org/own-keys/-/own-keys-1.0.1.tgz 6026ms (cache miss)
228 http fetch GET 200 https://registry.npmjs.org/querystringify/-/querystringify-2.2.0.tgz 6057ms (cache miss)
229 http fetch GET 200 https://registry.npmjs.org/ms/-/ms-2.1.3.tgz 5984ms (cache miss)
230 http fetch GET 200 https://registry.npmjs.org/is-set/-/is-set-2.0.3.tgz 5887ms (cache miss)
231 http fetch GET 200 https://registry.npmjs.org/pump/-/pump-2.0.1.tgz 6139ms (cache miss)
232 http fetch GET 200 https://registry.npmjs.org/mime/-/mime-1.6.0.tgz 6064ms (cache miss)
233 http fetch GET 200 https://registry.npmjs.org/oauth-sign/-/oauth-sign-0.9.0.tgz 6089ms (cache miss)
234 http fetch GET 200 https://registry.npmjs.org/node-red-contrib-env/-/node-red-contrib-env-1.0.2.tgz 6083ms (cache miss)
235 http fetch GET 200 https://registry.npmjs.org/isstream/-/isstream-0.1.2.tgz 6039ms (cache miss)
236 http fetch GET 200 https://registry.npmjs.org/is-negative-zero/-/is-negative-zero-2.0.3.tgz 6004ms (cache miss)
237 http fetch GET 200 https://registry.npmjs.org/side-channel-list/-/side-channel-list-1.0.0.tgz 6352ms (cache miss)
238 http fetch GET 200 https://registry.npmjs.org/request-promise-core/-/request-promise-core-1.1.3.tgz 6308ms (cache miss)
239 http fetch GET 200 https://registry.npmjs.org/possible-typed-array-names/-/possible-typed-array-names-1.1.0.tgz 6274ms (cache miss)
240 http fetch GET 200 https://registry.npmjs.org/performance-now/-/performance-now-2.1.0.tgz 6271ms (cache miss)
241 http fetch GET 200 https://registry.npmjs.org/jsprim/-/jsprim-2.0.2.tgz 6200ms (cache miss)
242 http fetch GET 200 https://registry.npmjs.org/mime-types/-/mime-types-2.1.35.tgz 6221ms (cache miss)
243 http fetch GET 200 https://registry.npmjs.org/is-weakref/-/is-weakref-1.1.1.tgz 6174ms (cache miss)
244 http fetch GET 200 https://registry.npmjs.org/json-stringify-safe/-/json-stringify-safe-5.0.1.tgz 6200ms (cache miss)
245 http fetch GET 200 https://registry.npmjs.org/is-weakmap/-/is-weakmap-2.0.2.tgz 6145ms (cache miss)
246 http fetch GET 200 https://registry.npmjs.org/is-typedarray/-/is-typedarray-1.0.0.tgz 6143ms (cache miss)
247 http fetch GET 200 https://registry.npmjs.org/is-bigint/-/is-bigint-1.1.0.tgz 6101ms (cache miss)
248 http fetch GET 200 https://registry.npmjs.org/has-proto/-/has-proto-1.2.0.tgz 6079ms (cache miss)
249 http fetch GET 200 https://registry.npmjs.org/functions-have-names/-/functions-have-names-1.2.3.tgz 6046ms (cache miss)
250 http fetch GET 200 https://registry.npmjs.org/which-boxed-primitive/-/which-boxed-primitive-1.1.1.tgz 6514ms (cache miss)
251 http fetch GET 200 https://registry.npmjs.org/side-channel-map/-/side-channel-map-1.0.1.tgz 6451ms (cache miss)
252 http fetch GET 200 https://registry.npmjs.org/punycode/-/punycode-2.3.1.tgz 6376ms (cache miss)
253 http fetch GET 200 https://registry.npmjs.org/json-schema/-/json-schema-0.4.0.tgz 6283ms (cache miss)
254 http fetch GET 200 https://registry.npmjs.org/is-typed-array/-/is-typed-array-1.1.15.tgz 6229ms (cache miss)
255 http fetch GET 200 https://registry.npmjs.org/is-shared-array-buffer/-/is-shared-array-buffer-1.0.4.tgz 6224ms (cache miss)
256 http fetch GET 200 https://registry.npmjs.org/is-callable/-/is-callable-1.2.7.tgz 6199ms (cache miss)
257 http fetch GET 200 https://registry.npmjs.org/is-async-function/-/is-async-function-2.1.1.tgz 6192ms (cache miss)
258 http fetch GET 200 https://registry.npmjs.org/is-generator-function/-/is-generator-function-1.1.0.tgz 6216ms (cache miss)
259 http fetch GET 200 https://registry.npmjs.org/is-date-object/-/is-date-object-1.1.0.tgz 6213ms (cache miss)
260 http fetch GET 200 https://registry.npmjs.org/get-symbol-description/-/get-symbol-description-1.1.0.tgz 6168ms (cache miss)
261 http fetch GET 200 https://registry.npmjs.org/tweetnacl/-/tweetnacl-0.14.5.tgz 6631ms (cache miss)
262 http fetch GET 200 https://registry.npmjs.org/unbox-primitive/-/unbox-primitive-1.1.0.tgz 6644ms (cache miss)
263 http fetch GET 200 https://registry.npmjs.org/stop-iteration-iterator/-/stop-iteration-iterator-1.1.0.tgz 6616ms (cache miss)
264 http fetch GET 200 https://registry.npmjs.org/typed-array-byte-offset/-/typed-array-byte-offset-1.0.4.tgz 6644ms (cache miss)
265 http fetch GET 200 https://registry.npmjs.org/mime-db/-/mime-db-1.52.0.tgz 6443ms (cache miss)
266 http fetch GET 200 https://registry.npmjs.org/json-schema-traverse/-/json-schema-traverse-0.4.1.tgz 6424ms (cache miss)
267 http fetch GET 200 https://registry.npmjs.org/is-array-buffer/-/is-array-buffer-3.0.5.tgz 6322ms (cache miss)
268 http fetch GET 200 https://registry.npmjs.org/hasown/-/hasown-2.0.2.tgz 6310ms (cache miss)
269 http fetch GET 200 https://registry.npmjs.org/has-bigints/-/has-bigints-1.1.0.tgz 6301ms (cache miss)
270 http fetch GET 200 https://registry.npmjs.org/inherits/-/inherits-2.0.4.tgz 6321ms (cache miss)
271 http fetch GET 200 https://registry.npmjs.org/gopd/-/gopd-1.2.0.tgz 6299ms (cache miss)
272 http fetch GET 200 https://registry.npmjs.org/fast-deep-equal/-/fast-deep-equal-3.1.3.tgz 6241ms (cache miss)
273 http fetch GET 200 https://registry.npmjs.org/function.prototype.name/-/function.prototype.name-1.1.8.tgz 6263ms (cache miss)
274 http fetch GET 200 https://registry.npmjs.org/ecc-jsbn/-/ecc-jsbn-0.1.2.tgz 6220ms (cache miss)
275 http fetch GET 200 https://registry.npmjs.org/which-collection/-/which-collection-1.0.2.tgz 6735ms (cache miss)
276 http fetch GET 200 https://registry.npmjs.org/set-function-length/-/set-function-length-1.2.2.tgz 6648ms (cache miss)
277 http fetch GET 200 https://registry.npmjs.org/object-keys/-/object-keys-1.1.1.tgz 6545ms (cache miss)
278 http fetch GET 200 https://registry.npmjs.org/is-regex/-/is-regex-1.2.1.tgz 6427ms (cache miss)
279 http fetch GET 200 https://registry.npmjs.org/is-number-object/-/is-number-object-1.1.1.tgz 6425ms (cache miss)
280 http fetch GET 200 https://registry.npmjs.org/is-boolean-object/-/is-boolean-object-1.2.2.tgz 6406ms (cache miss)
281 http fetch GET 200 https://registry.npmjs.org/is-map/-/is-map-2.0.3.tgz 6423ms (cache miss)
282 http fetch GET 200 https://registry.npmjs.org/har-validator/-/har-validator-5.1.5.tgz 6380ms (cache miss)
283 warn deprecated har-validator@5.1.5: this library is no longer supported
284 http fetch GET 200 https://registry.npmjs.org/extend/-/extend-3.0.2.tgz 6322ms (cache miss)
285 http fetch GET 200 https://registry.npmjs.org/file-type/-/file-type-3.9.0.tgz 6335ms (cache miss)
286 http fetch GET 200 https://registry.npmjs.org/data-view-byte-length/-/data-view-byte-length-1.0.2.tgz 6229ms (cache miss)
287 http fetch GET 200 https://registry.npmjs.org/data-view-byte-offset/-/data-view-byte-offset-1.0.1.tgz 6234ms (cache miss)
288 http fetch GET 200 https://registry.npmjs.org/es-define-property/-/es-define-property-1.0.1.tgz 6314ms (cache miss)
289 http fetch GET 200 https://registry.npmjs.org/bl/-/bl-1.2.3.tgz 6233ms (cache miss)
290 http fetch GET 200 https://registry.npmjs.org/safer-buffer/-/safer-buffer-2.1.2.tgz 6725ms (cache miss)
291 http fetch GET 200 https://registry.npmjs.org/regexp.prototype.flags/-/regexp.prototype.flags-1.5.4.tgz 6691ms (cache miss)
292 http fetch GET 200 https://registry.npmjs.org/get-intrinsic/-/get-intrinsic-1.3.0.tgz 6415ms (cache miss)
293 http fetch GET 200 https://registry.npmjs.org/get-proto/-/get-proto-1.0.1.tgz 6418ms (cache miss)
294 http fetch GET 200 https://registry.npmjs.org/has-property-descriptors/-/has-property-descriptors-1.0.2.tgz 6459ms (cache miss)
295 http fetch GET 200 https://registry.npmjs.org/extsprintf/-/extsprintf-1.3.0.tgz 6388ms (cache miss)
296 http fetch GET 200 https://registry.npmjs.org/eventemitter3/-/eventemitter3-3.1.2.tgz 6384ms (cache miss)
297 http fetch GET 200 https://registry.npmjs.org/for-each/-/for-each-0.3.5.tgz 6405ms (cache miss)
298 http fetch GET 200 https://registry.npmjs.org/dunder-proto/-/dunder-proto-1.0.1.tgz 6369ms (cache miss)
299 http fetch GET 200 https://registry.npmjs.org/typed-array-length/-/typed-array-length-1.0.7.tgz 6850ms (cache miss)
300 http fetch GET 200 https://registry.npmjs.org/verror/-/verror-1.10.0.tgz 6866ms (cache miss)
301 http fetch GET 200 https://registry.npmjs.org/which-builtin-type/-/which-builtin-type-1.2.1.tgz 6871ms (cache miss)
302 http fetch GET 200 https://registry.npmjs.org/getpass/-/getpass-0.1.7.tgz 6491ms (cache miss)
303 http fetch GET 200 https://registry.npmjs.org/function-bind/-/function-bind-1.1.2.tgz 6462ms (cache miss)
304 http fetch GET 200 https://registry.npmjs.org/es-object-atoms/-/es-object-atoms-1.1.1.tgz 6421ms (cache miss)
305 http fetch GET 200 https://registry.npmjs.org/dashdash/-/dashdash-1.14.1.tgz 6333ms (cache miss)
306 http fetch GET 200 https://registry.npmjs.org/define-properties/-/define-properties-1.2.1.tgz 6402ms (cache miss)
307 http fetch GET 200 https://registry.npmjs.org/call-bind/-/call-bind-1.0.8.tgz 6322ms (cache miss)
308 http fetch GET 200 https://registry.npmjs.org/core-util-is/-/core-util-is-1.0.3.tgz 6335ms (cache miss)
309 http fetch GET 200 https://registry.npmjs.org/debug/-/debug-4.4.1.tgz 6178ms (cache miss)
310 http fetch GET 200 https://registry.npmjs.org/side-channel/-/side-channel-1.1.0.tgz 6836ms (cache miss)
311 http fetch GET 200 https://registry.npmjs.org/socks-proxy-agent/-/socks-proxy-agent-8.0.5.tgz 6861ms (cache miss)
312 http fetch GET 200 https://registry.npmjs.org/es-shim-unscopables/-/es-shim-unscopables-1.1.0.tgz 6465ms (cache miss)
313 http fetch GET 200 https://registry.npmjs.org/data-view-buffer/-/data-view-buffer-1.0.2.tgz 6372ms (cache miss)
314 http fetch GET 200 https://registry.npmjs.org/end-of-stream/-/end-of-stream-1.4.5.tgz 6453ms (cache miss)
315 http fetch GET 200 https://registry.npmjs.org/delayed-stream/-/delayed-stream-1.0.0.tgz 6445ms (cache miss)
316 http fetch GET 200 https://registry.npmjs.org/array.prototype.findindex/-/array.prototype.findindex-2.2.4.tgz 6325ms (cache miss)
317 http fetch GET 200 https://registry.npmjs.org/bcrypt-pbkdf/-/bcrypt-pbkdf-1.0.2.tgz 6356ms (cache miss)
318 http fetch GET 200 https://registry.npmjs.org/available-typed-arrays/-/available-typed-arrays-1.0.7.tgz 6348ms (cache miss)
319 http fetch GET 200 https://registry.npmjs.org/which-typed-array/-/which-typed-array-1.1.19.tgz 6953ms (cache miss)
320 http fetch GET 200 https://registry.npmjs.org/sprintf-js/-/sprintf-js-1.1.3.tgz 6901ms (cache miss)
321 http fetch GET 200 https://registry.npmjs.org/has-tostringtag/-/has-tostringtag-1.0.2.tgz 6591ms (cache miss)
322 http fetch GET 200 https://registry.npmjs.org/has-symbols/-/has-symbols-1.1.0.tgz 6588ms (cache miss)
323 http fetch GET 200 https://registry.npmjs.org/globalthis/-/globalthis-1.0.4.tgz 6571ms (cache miss)
324 http fetch GET 200 https://registry.npmjs.org/http-signature/-/http-signature-1.4.0.tgz 6599ms (cache miss)
325 http fetch GET 200 https://registry.npmjs.org/es-set-tostringtag/-/es-set-tostringtag-2.1.0.tgz 6501ms (cache miss)
326 http fetch GET 200 https://registry.npmjs.org/aws4/-/aws4-1.13.2.tgz 6384ms (cache miss)
327 http fetch GET 200 https://registry.npmjs.org/combined-stream/-/combined-stream-1.0.8.tgz 6402ms (cache miss)
328 http fetch GET 200 https://registry.npmjs.org/safe-array-concat/-/safe-array-concat-1.1.3.tgz 6892ms (cache miss)
329 http fetch GET 200 https://registry.npmjs.org/is-weakset/-/is-weakset-2.0.4.tgz 6744ms (cache miss)
330 http fetch GET 200 https://registry.npmjs.org/har-schema/-/har-schema-2.0.0.tgz 6628ms (cache miss)
331 http fetch GET 200 https://registry.npmjs.org/fast-json-stable-stringify/-/fast-json-stable-stringify-2.1.0.tgz 6568ms (cache miss)
332 http fetch GET 200 https://registry.npmjs.org/define-data-property/-/define-data-property-1.1.4.tgz 6524ms (cache miss)
333 http fetch GET 200 https://registry.npmjs.org/call-bound/-/call-bound-1.0.4.tgz 6449ms (cache miss)
334 http fetch GET 200 https://registry.npmjs.org/caseless/-/caseless-0.12.0.tgz 6456ms (cache miss)
335 http fetch GET 200 https://registry.npmjs.org/aws-sign2/-/aws-sign2-0.7.0.tgz 6436ms (cache miss)
336 http fetch GET 200 https://registry.npmjs.org/core-util-is/-/core-util-is-1.0.2.tgz 6344ms (cache miss)
337 http fetch GET 200 https://registry.npmjs.org/safe-buffer/-/safe-buffer-5.1.2.tgz 6265ms (cache miss)
338 http fetch GET 200 https://registry.npmjs.org/jsprim/-/jsprim-1.4.2.tgz 6276ms (cache miss)
339 http fetch GET 200 https://registry.npmjs.org/string.prototype.trimstart/-/string.prototype.trimstart-1.0.8.tgz 6994ms (cache miss)
340 http fetch GET 200 https://registry.npmjs.org/string.prototype.trimend/-/string.prototype.trimend-1.0.9.tgz 6992ms (cache miss)
341 http fetch GET 200 https://registry.npmjs.org/url-parse/-/url-parse-1.5.10.tgz 7026ms (cache miss)
342 http fetch GET 200 https://registry.npmjs.org/reflect.getprototypeof/-/reflect.getprototypeof-1.0.10.tgz 6904ms (cache miss)
343 http fetch GET 200 https://registry.npmjs.org/is-data-view/-/is-data-view-1.0.2.tgz 6703ms (cache miss)
344 http fetch GET 200 https://registry.npmjs.org/forever-agent/-/forever-agent-0.6.1.tgz 6609ms (cache miss)
345 http fetch GET 200 https://registry.npmjs.org/asn1/-/asn1-0.2.6.tgz 6443ms (cache miss)
346 http fetch GET 200 https://registry.npmjs.org/arraybuffer.prototype.slice/-/arraybuffer.prototype.slice-1.0.4.tgz 6441ms (cache miss)
347 http fetch GET 200 https://registry.npmjs.org/array-buffer-byte-length/-/array-buffer-byte-length-1.0.2.tgz 6438ms (cache miss)
348 http fetch GET 200 https://registry.npmjs.org/async-function/-/async-function-1.0.0.tgz 6452ms (cache miss)
349 http fetch GET 200 https://registry.npmjs.org/assert-plus/-/assert-plus-1.0.0.tgz 6449ms (cache miss)
350 http fetch GET 200 https://registry.npmjs.org/jsbn/-/jsbn-0.1.1.tgz 6362ms (cache miss)
351 http fetch GET 200 https://registry.npmjs.org/@cypress/request-promise/-/request-promise-5.0.0.tgz 6434ms (cache miss)
352 http fetch GET 200 https://registry.npmjs.org/form-data/-/form-data-4.0.3.tgz 6646ms (cache miss)
353 http fetch GET 200 https://registry.npmjs.org/isarray/-/isarray-2.0.5.tgz 6440ms (cache miss)
354 http fetch GET 200 https://registry.npmjs.org/uuid/-/uuid-3.4.0.tgz 6361ms (cache miss)
355 http fetch GET 200 https://registry.npmjs.org/asynckit/-/asynckit-0.4.0.tgz 6522ms (cache miss)
356 http fetch GET 200 https://registry.npmjs.org/jsbn/-/jsbn-0.1.1.tgz 6354ms (cache miss)
357 http fetch GET 200 https://registry.npmjs.org/isarray/-/isarray-2.0.5.tgz 6383ms (cache miss)
358 http fetch GET 200 https://registry.npmjs.org/isarray/-/isarray-2.0.5.tgz 6390ms (cache miss)
359 http fetch GET 200 https://registry.npmjs.org/agent-base/-/agent-base-7.1.4.tgz 6503ms (cache miss)
360 http fetch GET 200 https://registry.npmjs.org/http-signature/-/http-signature-1.2.0.tgz 6364ms (cache miss)
361 http fetch GET 200 https://registry.npmjs.org/jsbn/-/jsbn-1.1.0.tgz 6878ms (cache miss)
362 http fetch GET 200 https://registry.npmjs.org/is-finalizationregistry/-/is-finalizationregistry-1.1.1.tgz 6799ms (cache miss)
363 http fetch GET 200 https://registry.npmjs.org/internal-slot/-/internal-slot-1.1.0.tgz 6777ms (cache miss)
364 http fetch GET 200 https://registry.npmjs.org/safe-buffer/-/safe-buffer-5.1.2.tgz 6460ms (cache miss)
365 http fetch GET 200 https://registry.npmjs.org/is-string/-/is-string-1.1.1.tgz 6848ms (cache miss)
366 http fetch GET 200 https://registry.npmjs.org/es-errors/-/es-errors-1.3.0.tgz 6695ms (cache miss)
367 http fetch GET 200 https://registry.npmjs.org/tough-cookie/-/tough-cookie-2.5.0.tgz 6422ms (cache miss)
368 http fetch GET 200 https://registry.npmjs.org/string.prototype.trim/-/string.prototype.trim-1.2.10.tgz 7129ms (cache miss)
369 http fetch GET 200 https://registry.npmjs.org/debug/-/debug-3.2.7.tgz 6637ms (cache miss)
370 http fetch GET 200 https://registry.npmjs.org/object.assign/-/object.assign-4.1.7.tgz 6996ms (cache miss)
371 http fetch GET 200 https://registry.npmjs.org/is-symbol/-/is-symbol-1.1.1.tgz 6903ms (cache miss)
372 http fetch GET 200 https://registry.npmjs.org/call-bind-apply-helpers/-/call-bind-apply-helpers-1.0.2.tgz 6647ms (cache miss)
373 http fetch GET 200 https://registry.npmjs.org/tough-cookie/-/tough-cookie-4.1.4.tgz 6455ms (cache miss)
374 http fetch GET 200 https://registry.npmjs.org/es-to-primitive/-/es-to-primitive-1.3.0.tgz 6828ms (cache miss)
375 warn deprecated uuid@3.4.0: Please upgrade  to version 7 or higher.  Older versions may use Math.random() in certain circumstances, which is known to be problematic.  See https://v8.dev/blog/math-random for details.
376 http fetch GET 200 https://registry.npmjs.org/smart-buffer/-/smart-buffer-4.2.0.tgz 7236ms (cache miss)
377 http fetch GET 200 https://registry.npmjs.org/form-data/-/form-data-2.3.3.tgz 6572ms (cache miss)
378 http fetch GET 200 https://registry.npmjs.org/qs/-/qs-6.14.0.tgz 7204ms (cache miss)
379 http fetch GET 200 https://registry.npmjs.org/math-intrinsics/-/math-intrinsics-1.1.0.tgz 7177ms (cache miss)
380 http fetch GET 200 https://registry.npmjs.org/qs/-/qs-6.5.3.tgz 6743ms (cache miss)
381 http fetch GET 200 https://registry.npmjs.org/@cypress/request/-/request-3.0.8.tgz 6898ms (cache miss)
382 http fetch GET 200 https://registry.npmjs.org/readable-stream/-/readable-stream-2.3.8.tgz 7436ms (cache miss)
383 http fetch GET 200 https://registry.npmjs.org/socks/-/socks-2.8.5.tgz 7538ms (cache miss)
384 http fetch GET 200 https://registry.npmjs.org/object-inspect/-/object-inspect-1.13.4.tgz 7398ms (cache miss)
385 http fetch GET 200 https://registry.npmjs.org/request/-/request-2.88.2.tgz 7490ms (cache miss)
386 warn deprecated request@2.88.2: request has been deprecated, see https://github.com/request/request/issues/3142
387 http fetch GET 200 https://registry.npmjs.org/tough-cookie/-/tough-cookie-5.1.2.tgz 7706ms (cache miss)
388 http fetch GET 200 https://registry.npmjs.org/ip-address/-/ip-address-9.0.5.tgz 7391ms (cache miss)
389 http fetch GET 200 https://registry.npmjs.org/node-telegram-bot-api/-/node-telegram-bot-api-0.66.0.tgz 7541ms (cache miss)
390 http fetch GET 200 https://registry.npmjs.org/psl/-/psl-1.15.0.tgz 7703ms (cache miss)
391 http fetch GET 200 https://registry.npmjs.org/sshpk/-/sshpk-1.18.0.tgz 7797ms (cache miss)
392 http fetch GET 200 https://registry.npmjs.org/uuid/-/uuid-8.3.2.tgz 7885ms (cache miss)
393 http fetch GET 200 https://registry.npmjs.org/uri-js/-/uri-js-4.4.1.tgz 8039ms (cache miss)
394 http fetch GET 200 https://registry.npmjs.org/bluebird/-/bluebird-3.7.2.tgz 7507ms (cache miss)
395 http fetch GET 200 https://registry.npmjs.org/tldts-core/-/tldts-core-6.1.86.tgz 8135ms (cache miss)
396 http fetch GET 200 https://registry.npmjs.org/ajv/-/ajv-6.12.6.tgz 7724ms (cache miss)
397 http fetch GET 200 https://registry.npmjs.org/tldts/-/tldts-6.1.86.tgz 8487ms (cache miss)
398 http fetch GET 200 https://registry.npmjs.org/node-red-contrib-telegrambot/-/node-red-contrib-telegrambot-16.3.2.tgz 9400ms (cache miss)
399 http fetch GET 200 https://registry.npmjs.org/lodash/-/lodash-4.17.21.tgz 10170ms (cache miss)
400 http fetch GET 200 https://registry.npmjs.org/es-abstract/-/es-abstract-1.24.0.tgz 11213ms (cache miss)
401 silly ADD node_modules/node-red-contrib-telegrambot
402 silly ADD node_modules/wrappy
403 silly ADD node_modules/which-typed-array
404 silly ADD node_modules/which-collection
405 silly ADD node_modules/which-builtin-type
406 silly ADD node_modules/which-builtin-type/node_modules/isarray
407 silly ADD node_modules/which-boxed-primitive
408 silly ADD node_modules/verror
409 silly ADD node_modules/verror/node_modules/core-util-is
410 silly ADD node_modules/uuid
411 silly ADD node_modules/util-deprecate
412 silly ADD node_modules/url-parse
413 silly ADD node_modules/uri-js
414 silly ADD node_modules/universalify
415 silly ADD node_modules/unbox-primitive
416 silly ADD node_modules/typed-array-length
417 silly ADD node_modules/typed-array-byte-offset
418 silly ADD node_modules/typed-array-byte-length
419 silly ADD node_modules/typed-array-buffer
420 silly ADD node_modules/tweetnacl
421 silly ADD node_modules/tunnel-agent
422 silly ADD node_modules/tough-cookie
423 silly ADD node_modules/tldts-core
424 silly ADD node_modules/tldts
425 silly ADD node_modules/string.prototype.trimstart
426 silly ADD node_modules/string.prototype.trimend
427 silly ADD node_modules/string.prototype.trim
428 silly ADD node_modules/string_decoder
429 silly ADD node_modules/string_decoder/node_modules/safe-buffer
430 silly ADD node_modules/stop-iteration-iterator
431 silly ADD node_modules/stealthy-require
432 silly ADD node_modules/sshpk
433 silly ADD node_modules/sshpk/node_modules/jsbn
434 silly ADD node_modules/sprintf-js
435 silly ADD node_modules/socks-proxy-agent
436 silly ADD node_modules/socks-proxy-agent/node_modules/debug
437 silly ADD node_modules/socks
438 silly ADD node_modules/smart-buffer
439 silly ADD node_modules/side-channel-weakmap
440 silly ADD node_modules/side-channel-map
441 silly ADD node_modules/side-channel-list
442 silly ADD node_modules/side-channel
443 silly ADD node_modules/set-proto
444 silly ADD node_modules/set-function-name
445 silly ADD node_modules/set-function-length
446 silly ADD node_modules/safer-buffer
447 silly ADD node_modules/safe-regex-test
448 silly ADD node_modules/safe-push-apply
449 silly ADD node_modules/safe-push-apply/node_modules/isarray
450 silly ADD node_modules/safe-buffer
451 silly ADD node_modules/safe-array-concat
452 silly ADD node_modules/safe-array-concat/node_modules/isarray
453 silly ADD node_modules/requires-port
454 silly ADD node_modules/request-promise-core
455 silly ADD node_modules/request
456 silly ADD node_modules/request/node_modules/uuid
457 silly ADD node_modules/request/node_modules/tough-cookie
458 silly ADD node_modules/request/node_modules/qs
459 silly ADD node_modules/request/node_modules/jsprim
460 silly ADD node_modules/request/node_modules/http-signature
461 silly ADD node_modules/request/node_modules/form-data
462 silly ADD node_modules/regexp.prototype.flags
463 silly ADD node_modules/reflect.getprototypeof
464 silly ADD node_modules/readable-stream
465 silly ADD node_modules/readable-stream/node_modules/safe-buffer
466 silly ADD node_modules/querystringify
467 silly ADD node_modules/qs
468 silly ADD node_modules/punycode
469 silly ADD node_modules/pump
470 silly ADD node_modules/psl
471 silly ADD node_modules/process-nextick-args
472 silly ADD node_modules/possible-typed-array-names
473 silly ADD node_modules/performance-now
474 silly ADD node_modules/own-keys
475 silly ADD node_modules/once
476 silly ADD node_modules/object.assign
477 silly ADD node_modules/object-keys
478 silly ADD node_modules/object-inspect
479 silly ADD node_modules/oauth-sign
480 silly ADD node_modules/node-telegram-bot-api
481 silly ADD node_modules/node-red-contrib-env
482 silly ADD node_modules/ms
483 silly ADD node_modules/mime-types
484 silly ADD node_modules/mime-db
485 silly ADD node_modules/mime
486 silly ADD node_modules/math-intrinsics
487 silly ADD node_modules/lodash
488 silly ADD node_modules/jsprim
489 silly ADD node_modules/json-stringify-safe
490 silly ADD node_modules/json-schema-traverse
491 silly ADD node_modules/json-schema
492 silly ADD node_modules/jsbn
493 silly ADD node_modules/isstream
494 silly ADD node_modules/isarray
495 silly ADD node_modules/is-weakset
496 silly ADD node_modules/is-weakref
497 silly ADD node_modules/is-weakmap
498 silly ADD node_modules/is-typedarray
499 silly ADD node_modules/is-typed-array
500 silly ADD node_modules/is-symbol
501 silly ADD node_modules/is-string
502 silly ADD node_modules/is-shared-array-buffer
503 silly ADD node_modules/is-set
504 silly ADD node_modules/is-regex
505 silly ADD node_modules/is-number-object
506 silly ADD node_modules/is-negative-zero
507 silly ADD node_modules/is-map
508 silly ADD node_modules/is-generator-function
509 silly ADD node_modules/is-finalizationregistry
510 silly ADD node_modules/is-date-object
511 silly ADD node_modules/is-data-view
512 silly ADD node_modules/is-callable
513 silly ADD node_modules/is-boolean-object
514 silly ADD node_modules/is-bigint
515 silly ADD node_modules/is-async-function
516 silly ADD node_modules/is-array-buffer
517 silly ADD node_modules/ip-address
518 silly ADD node_modules/internal-slot
519 silly ADD node_modules/inherits
520 silly ADD node_modules/http-signature
521 silly ADD node_modules/hasown
522 silly ADD node_modules/has-tostringtag
523 silly ADD node_modules/has-symbols
524 silly ADD node_modules/has-proto
525 silly ADD node_modules/has-property-descriptors
526 silly ADD node_modules/has-bigints
527 silly ADD node_modules/har-validator
528 silly ADD node_modules/har-schema
529 silly ADD node_modules/gopd
530 silly ADD node_modules/globalthis
531 silly ADD node_modules/getpass
532 silly ADD node_modules/get-symbol-description
533 silly ADD node_modules/get-proto
534 silly ADD node_modules/get-intrinsic
535 silly ADD node_modules/functions-have-names
536 silly ADD node_modules/function.prototype.name
537 silly ADD node_modules/function-bind
538 silly ADD node_modules/form-data
539 silly ADD node_modules/forever-agent
540 silly ADD node_modules/for-each
541 silly ADD node_modules/file-type
542 silly ADD node_modules/fast-json-stable-stringify
543 silly ADD node_modules/fast-deep-equal
544 silly ADD node_modules/extsprintf
545 silly ADD node_modules/extend
546 silly ADD node_modules/eventemitter3
547 silly ADD node_modules/es-to-primitive
548 silly ADD node_modules/es-shim-unscopables
549 silly ADD node_modules/es-set-tostringtag
550 silly ADD node_modules/es-object-atoms
551 silly ADD node_modules/es-errors
552 silly ADD node_modules/es-define-property
553 silly ADD node_modules/es-abstract
554 silly ADD node_modules/end-of-stream
555 silly ADD node_modules/ecc-jsbn
556 silly ADD node_modules/ecc-jsbn/node_modules/jsbn
557 silly ADD node_modules/dunder-proto
558 silly ADD node_modules/delayed-stream
559 silly ADD node_modules/define-properties
560 silly ADD node_modules/define-data-property
561 silly ADD node_modules/debug
562 silly ADD node_modules/data-view-byte-offset
563 silly ADD node_modules/data-view-byte-length
564 silly ADD node_modules/data-view-buffer
565 silly ADD node_modules/dashdash
566 silly ADD node_modules/core-util-is
567 silly ADD node_modules/combined-stream
568 silly ADD node_modules/caseless
569 silly ADD node_modules/call-bound
570 silly ADD node_modules/call-bind-apply-helpers
571 silly ADD node_modules/call-bind
572 silly ADD node_modules/bluebird
573 silly ADD node_modules/bl
574 silly ADD node_modules/bcrypt-pbkdf
575 silly ADD node_modules/aws4
576 silly ADD node_modules/aws-sign2
577 silly ADD node_modules/available-typed-arrays
578 silly ADD node_modules/asynckit
579 silly ADD node_modules/async-function
580 silly ADD node_modules/assert-plus
581 silly ADD node_modules/asn1
582 silly ADD node_modules/arraybuffer.prototype.slice
583 silly ADD node_modules/array.prototype.findindex
584 silly ADD node_modules/array-buffer-byte-length
585 silly ADD node_modules/ajv
586 silly ADD node_modules/agent-base
587 silly ADD node_modules/@cypress/request-promise
588 silly ADD node_modules/@cypress/request-promise/node_modules/tough-cookie
589 silly ADD node_modules/@cypress/request
590 verbose cwd /data
591 verbose os Linux 5.15.0-153-generic
592 verbose node v20.19.4
593 verbose npm  v10.8.2
594 verbose exit 0
595 info ok
